2026-01-14 22:04:30,980 - INFO - Pipeline initialisé pour 2026-01-14
2026-01-14 22:04:30,980 - INFO - ======================================================================
2026-01-14 22:04:30,981 - INFO - DÉMARRAGE PIPELINE - 2026-01-14
2026-01-14 22:04:30,981 - INFO - ======================================================================
2026-01-14 22:04:30,981 - INFO - === ÉTAPE 1: STRUCTURE HDFS ===
2026-01-14 22:04:49,453 - INFO - === ÉTAPE 2: INGESTION COMMANDES ===
2026-01-14 22:04:52,748 - INFO - === ÉTAPE 3: INGESTION STOCK ===
2026-01-14 22:04:52,749 - ERROR - Répertoire stock introuvable: data\stock\2026-01-14
2026-01-14 22:04:52,749 - ERROR - ======================================================================
2026-01-14 22:04:52,758 - ERROR - ======================================================================
2026-01-14 22:05:55,642 - INFO - Pipeline initialisé pour 2026-01-14
2026-01-14 22:05:55,642 - INFO - ======================================================================
2026-01-14 22:05:55,643 - INFO - DÉMARRAGE PIPELINE - 2026-01-14
2026-01-14 22:05:55,643 - INFO - ======================================================================
2026-01-14 22:05:55,643 - INFO - === ÉTAPE 1: STRUCTURE HDFS ===
2026-01-14 22:06:09,939 - INFO - === ÉTAPE 2: INGESTION COMMANDES ===
2026-01-14 22:06:28,598 - INFO - === ÉTAPE 3: INGESTION STOCK ===
2026-01-14 22:06:36,407 - INFO - === ÉTAPE 4: AGRÉGATION COMMANDES ===
2026-01-14 22:06:36,426 - INFO - === ÉTAPE 5: CALCUL NET DEMAND ===
2026-01-14 22:06:36,494 - INFO - === ÉTAPE 6: GÉNÉRATION COMMANDES FOURNISSEURS ===
2026-01-14 22:07:18,717 - INFO - === ÉTAPE 7: DÉTECTION EXCEPTIONS ===
2026-01-14 22:07:18,728 - INFO - ======================================================================
2026-01-14 22:07:18,745 - INFO - ======================================================================
